[03-05-2019 18:04:49][Administrador][Login][]
[03-05-2019 18:08:17][Administrador][Login][]
[03-05-2019 18:10:46][Usuario][Login][]
[03-05-2019 18:11:19][][Login][]
[03-05-2019 18:11:52][][Login][]
[03-05-2019 18:12:30][Administrador][Login][]
[03-05-2019 18:12:50][][Login][]
[03-05-2019 18:20:08][][Login][]
[03-05-2019 18:20:21][][Login][]
[03-05-2019 18:22:22][Administrador][Login][]
[03-05-2019 18:25:12][Usuario][Login][]
[03-05-2019 18:26:49][Administrador][Login][]
[03-05-2019 18:36:23][][Login][]
[03-05-2019 18:36:39][][Login][]
[03-05-2019 18:37:57][][Login][]
[03-05-2019 18:38:20][][Login][]
[03-05-2019 20:04:14][Usuario][Login][]
[03-05-2019 20:04:29][Administrador][Login][]
[03-05-2019 20:06:11][Administrador][Login][]
[03-05-2019 21:02:34][][Olvide mi contraseña ERROR][SELECT * FROM usuarios WHERE correoElectronico = 'asd';]
[03-05-2019 21:02:46][][Olvide mi contraseña][SELECT * FROM usuarios WHERE correoElectronico = 'usuario@gmail.com';]
[03-05-2019 21:05:28][][Olvide mi contraseña ERROR][SELECT * FROM usuarios WHERE correoElectronico = 'asd';]
[03-05-2019 21:05:35][][Olvide mi contraseña][SELECT * FROM usuarios WHERE correoElectronico = 'usuario@gmail.com';]
[03-05-2019 21:06:26][][Olvide mi contraseña][SELECT * FROM usuarios WHERE correoElectronico = 'usuario@gmail.com';]
[03-05-2019 21:06:44][][Olvide mi contraseña][SELECT * FROM usuarios WHERE correoElectronico = 'usuario@gmail.com';]
[03-05-2019 21:12:29][][Login ERROR][]
[03-05-2019 21:16:31][][Login ERROR][]
[03-05-2019 21:22:10][][Olvide mi contraseña ERROR][SELECT * FROM usuarios WHERE correoElectronico = 'asd';]
[03-05-2019 21:22:26][][Olvide mi contraseña ERROR][SELECT * FROM usuarios WHERE correoElectronico = 'andres@gmail.com';]
[03-05-2019 21:22:37][][Olvide mi contraseña][SELECT * FROM usuarios WHERE correoElectronico = 'administrador@gmail.com';]
[03-05-2019 23:38:24][Administrador][Login][]
[03-05-2019 23:52:51][Administrador][Login][]
[03-05-2019 23:59:54][Administrador][Login][]
[04-05-2019 00:04:30][Administrador][Login][]
[04-05-2019 00:07:24][Administrador][Login][]
[04-05-2019 00:13:02][Administrador][Login][]
[04-05-2019 00:13:08][Administrador][Alta][INSERT INTO pacientes (nombrePaciente, apellido1, apellido2) VALUES ('asd','asd','asd');]
[04-05-2019 00:15:04][Administrador][Login][]
[04-05-2019 00:15:07][Administrador][Alta][INSERT INTO pacientes (nombrePaciente, apellido1, apellido2) VALUES ('asd','asd','asd');]
[04-05-2019 00:15:24][Administrador][Alta][INSERT INTO pacientes (nombrePaciente, apellido1, apellido2) VALUES ('1','1','3');]
[04-05-2019 00:16:10][Administrador][Login][]
[04-05-2019 00:16:31][Administrador][Login][]
[04-05-2019 00:16:36][Administrador][Alta][INSERT INTO pacientes (nombrePaciente, apellido1, apellido2) VALUES ('asd','asd','asd');]
[04-05-2019 00:16:45][Administrador][Alta][INSERT INTO pacientes (nombrePaciente, apellido1, apellido2) VALUES ('1','1','asd3');]
[04-05-2019 00:17:54][Administrador][Login][]
[04-05-2019 00:19:33][Administrador][Login][]
[04-05-2019 00:19:39][Administrador][ERROR Alta][INSERT INTO pacientes (nombrePaciente, apellido1, apellido2) VALUES ('ads','asd','asd');]
[04-05-2019 00:20:12][Administrador][Login][]
[04-05-2019 00:20:16][Administrador][Alta][INSERT INTO pacientes (nombrePaciente, apellido1, apellido2) VALUES ('asd','asd','asd');]
[04-05-2019 00:20:51][Administrador][Login][]
[04-05-2019 00:20:57][Administrador][Alta][INSERT INTO pacientes (nombrePaciente, apellido1, apellido2) VALUES ('asdd','asdd','asdd');]
[04-05-2019 00:21:23][][Olvide mi contraseña ERROR][SELECT * FROM usuarios WHERE correoElectronico = 'asd';]
[04-05-2019 00:21:32][][Olvide mi contraseña][SELECT * FROM usuarios WHERE correoElectronico = 'usuario@gmail.com';]
[04-05-2019 00:22:18][Administrador][Login][]
[04-05-2019 00:22:22][Administrador][Alta][INSERT INTO pacientes (nombrePaciente, apellido1, apellido2) VALUES ('asd','asd','asd');]
[04-05-2019 00:23:20][Administrador][Login][]
[04-05-2019 00:23:29][Administrador][Alta][INSERT INTO pacientes (nombrePaciente, apellido1, apellido2) VALUES ('1','2','3');]
[04-05-2019 00:27:16][Administrador][Login][]
[04-05-2019 00:27:20][Administrador][ERROR Alta][INSERT INTO pacientes (nombrePaciente, apellido1, apellido2) VALUES ('1','2','3');]
[04-05-2019 00:30:54][Administrador][Login][]
[04-05-2019 00:30:58][Administrador][Alta][INSERT INTO pacientes (nombrePaciente, apellido1, apellido2) VALUES ('asd','asd','asd');]
[04-05-2019 00:35:12][Administrador][Login][]
[04-05-2019 00:35:15][Administrador][Alta][INSERT INTO pacientes (nombrePaciente, apellido1, apellido2) VALUES ('asd','asd','assd');]
[04-05-2019 12:15:16][Administrador][Login][]
[04-05-2019 12:24:30][][Login ERROR][]
[04-05-2019 13:41:15][][Login ERROR][]
[04-05-2019 13:41:26][Administrador][Login][]
[04-05-2019 16:52:16][][Login ERROR][]
[04-05-2019 16:52:27][][Login ERROR][]
[04-05-2019 16:52:37][][Login ERROR][]
[04-05-2019 16:52:46][][Login ERROR][]
[04-05-2019 16:53:04][][Login ERROR][]
[04-05-2019 16:53:10][Administrador][Login][]
[04-05-2019 16:53:26][Administrador][Alta][INSERT INTO pacientes (nombrePaciente, apellido1, apellido2) VALUES ('dd','dd','dd');]
[04-05-2019 16:54:36][Administrador][Login][]
[04-05-2019 16:54:46][Administrador][Alta][INSERT INTO pacientes (nombrePaciente, apellido1, apellido2) VALUES ('1','2','3');]
[04-05-2019 17:39:19][Administrador][Login][]
[04-05-2019 17:40:16][Administrador][Login][]
[04-05-2019 17:41:23][][Login ERROR][]
[04-05-2019 17:41:29][Administrador][Login][]
[05-05-2019 09:17:08][Administrador][Login][]
[05-05-2019 09:39:13][][Alta][SELECT nombrePaciente, apellido1, apellido2 FROM pacientes;]
[05-05-2019 09:39:13][][Alta][SELECT nombrePaciente, apellido1, apellido2 FROM pacientes;]
[05-05-2019 09:39:13][][Alta][SELECT nombrePaciente, apellido1, apellido2 FROM pacientes;]
[05-05-2019 09:39:13][][Alta][SELECT nombrePaciente, apellido1, apellido2 FROM pacientes;]
[05-05-2019 09:39:13][][Alta][SELECT nombrePaciente, apellido1, apellido2 FROM pacientes;]
[05-05-2019 09:39:13][][Alta][SELECT nombrePaciente, apellido1, apellido2 FROM pacientes;]
[05-05-2019 09:39:13][][Alta][SELECT nombrePaciente, apellido1, apellido2 FROM pacientes;]
[05-05-2019 09:39:13][][Alta][SELECT nombrePaciente, apellido1, apellido2 FROM pacientes;]
[05-05-2019 09:39:13][][Alta][SELECT nombrePaciente, apellido1, apellido2 FROM pacientes;]
[05-05-2019 09:39:13][][Alta][SELECT nombrePaciente, apellido1, apellido2 FROM pacientes;]
[05-05-2019 09:39:13][][Alta][SELECT nombrePaciente, apellido1, apellido2 FROM pacientes;]
[05-05-2019 09:39:14][][Alta][SELECT nombrePaciente, apellido1, apellido2 FROM pacientes;]
[05-05-2019 09:39:14][][Alta][SELECT nombrePaciente, apellido1, apellido2 FROM pacientes;]
[05-05-2019 09:39:14][][Alta][SELECT nombrePaciente, apellido1, apellido2 FROM pacientes;]
[05-05-2019 09:39:14][][Alta][SELECT nombrePaciente, apellido1, apellido2 FROM pacientes;]
[05-05-2019 09:39:14][][Alta][SELECT nombrePaciente, apellido1, apellido2 FROM pacientes;]
[05-05-2019 09:39:14][][Alta][SELECT nombrePaciente, apellido1, apellido2 FROM pacientes;]
[05-05-2019 09:39:14][][Alta][SELECT nombrePaciente, apellido1, apellido2 FROM pacientes;]
[05-05-2019 09:39:14][][Alta][SELECT nombrePaciente, apellido1, apellido2 FROM pacientes;]
[05-05-2019 09:39:14][][Alta][SELECT nombrePaciente, apellido1, apellido2 FROM pacientes;]
[05-05-2019 09:39:14][][Alta][SELECT nombrePaciente, apellido1, apellido2 FROM pacientes;]
[05-05-2019 09:39:14][][Alta][SELECT nombrePaciente, apellido1, apellido2 FROM pacientes;]
[05-05-2019 09:39:14][][Alta][SELECT nombrePaciente, apellido1, apellido2 FROM pacientes;]
[05-05-2019 09:39:14][][Alta][SELECT nombrePaciente, apellido1, apellido2 FROM pacientes;]
[05-05-2019 09:39:14][][Alta][SELECT nombrePaciente, apellido1, apellido2 FROM pacientes;]
[05-05-2019 09:39:14][][Alta][SELECT nombrePaciente, apellido1, apellido2 FROM pacientes;]
[05-05-2019 09:39:14][][Alta][SELECT nombrePaciente, apellido1, apellido2 FROM pacientes;]
[05-05-2019 09:39:14][][Alta][SELECT nombrePaciente, apellido1, apellido2 FROM pacientes;]
[05-05-2019 09:39:14][][Alta][SELECT nombrePaciente, apellido1, apellido2 FROM pacientes;]
[05-05-2019 09:39:14][][Alta][SELECT nombrePaciente, apellido1, apellido2 FROM pacientes;]
[05-05-2019 09:39:14][][Alta][SELECT nombrePaciente, apellido1, apellido2 FROM pacientes;]
[05-05-2019 09:39:14][][Alta][SELECT nombrePaciente, apellido1, apellido2 FROM pacientes;]
[05-05-2019 09:39:14][][Alta][SELECT nombrePaciente, apellido1, apellido2 FROM pacientes;]
[05-05-2019 09:39:14][][Alta][SELECT nombrePaciente, apellido1, apellido2 FROM pacientes;]
[05-05-2019 09:39:14][][Alta][SELECT nombrePaciente, apellido1, apellido2 FROM pacientes;]
[05-05-2019 09:39:14][][Alta][SELECT nombrePaciente, apellido1, apellido2 FROM pacientes;]
[05-05-2019 09:39:14][][Alta][SELECT nombrePaciente, apellido1, apellido2 FROM pacientes;]
[05-05-2019 09:39:14][][Alta][SELECT nombrePaciente, apellido1, apellido2 FROM pacientes;]
[05-05-2019 09:39:14][][Alta][SELECT nombrePaciente, apellido1, apellido2 FROM pacientes;]
[05-05-2019 09:39:14][][Alta][SELECT nombrePaciente, apellido1, apellido2 FROM pacientes;]
[05-05-2019 09:39:14][][Alta][SELECT nombrePaciente, apellido1, apellido2 FROM pacientes;]
[05-05-2019 09:39:14][][Alta][SELECT nombrePaciente, apellido1, apellido2 FROM pacientes;]
[05-05-2019 09:39:14][][Alta][SELECT nombrePaciente, apellido1, apellido2 FROM pacientes;]
[05-05-2019 09:39:14][][Alta][SELECT nombrePaciente, apellido1, apellido2 FROM pacientes;]
[05-05-2019 09:39:14][][Alta][SELECT nombrePaciente, apellido1, apellido2 FROM pacientes;]
[05-05-2019 09:39:14][][Alta][SELECT nombrePaciente, apellido1, apellido2 FROM pacientes;]
[05-05-2019 09:39:14][][Alta][SELECT nombrePaciente, apellido1, apellido2 FROM pacientes;]
[05-05-2019 09:39:14][][Alta][SELECT nombrePaciente, apellido1, apellido2 FROM pacientes;]
[05-05-2019 09:39:14][][Alta][SELECT nombrePaciente, apellido1, apellido2 FROM pacientes;]
[05-05-2019 09:39:14][][Alta][SELECT nombrePaciente, apellido1, apellido2 FROM pacientes;]
[05-05-2019 09:39:14][][Alta][SELECT nombrePaciente, apellido1, apellido2 FROM pacientes;]
[05-05-2019 09:39:14][Administrador][Login][]
[05-05-2019 09:40:06][][Alta][SELECT nombrePaciente, apellido1, apellido2 FROM pacientes;]
[05-05-2019 09:40:06][][Alta][SELECT nombrePaciente, apellido1, apellido2 FROM pacientes;]
[05-05-2019 09:40:06][][Alta][SELECT nombrePaciente, apellido1, apellido2 FROM pacientes;]
[05-05-2019 09:40:06][][Alta][SELECT nombrePaciente, apellido1, apellido2 FROM pacientes;]
[05-05-2019 09:40:06][][Alta][SELECT nombrePaciente, apellido1, apellido2 FROM pacientes;]
[05-05-2019 09:40:06][][Alta][SELECT nombrePaciente, apellido1, apellido2 FROM pacientes;]
[05-05-2019 09:40:06][][Alta][SELECT nombrePaciente, apellido1, apellido2 FROM pacientes;]
[05-05-2019 09:40:06][][Alta][SELECT nombrePaciente, apellido1, apellido2 FROM pacientes;]
[05-05-2019 09:40:06][][Alta][SELECT nombrePaciente, apellido1, apellido2 FROM pacientes;]
[05-05-2019 09:40:06][][Alta][SELECT nombrePaciente, apellido1, apellido2 FROM pacientes;]
[05-05-2019 09:40:06][][Alta][SELECT nombrePaciente, apellido1, apellido2 FROM pacientes;]
[05-05-2019 09:40:06][][Alta][SELECT nombrePaciente, apellido1, apellido2 FROM pacientes;]
[05-05-2019 09:40:06][][Alta][SELECT nombrePaciente, apellido1, apellido2 FROM pacientes;]
[05-05-2019 09:40:06][][Alta][SELECT nombrePaciente, apellido1, apellido2 FROM pacientes;]
[05-05-2019 09:40:06][][Alta][SELECT nombrePaciente, apellido1, apellido2 FROM pacientes;]
[05-05-2019 09:40:06][][Alta][SELECT nombrePaciente, apellido1, apellido2 FROM pacientes;]
[05-05-2019 09:40:06][][Alta][SELECT nombrePaciente, apellido1, apellido2 FROM pacientes;]
[05-05-2019 09:40:06][][Alta][SELECT nombrePaciente, apellido1, apellido2 FROM pacientes;]
[05-05-2019 09:40:06][][Alta][SELECT nombrePaciente, apellido1, apellido2 FROM pacientes;]
[05-05-2019 09:40:06][][Alta][SELECT nombrePaciente, apellido1, apellido2 FROM pacientes;]
[05-05-2019 09:40:06][][Alta][SELECT nombrePaciente, apellido1, apellido2 FROM pacientes;]
[05-05-2019 09:40:06][][Alta][SELECT nombrePaciente, apellido1, apellido2 FROM pacientes;]
[05-05-2019 09:40:06][][Alta][SELECT nombrePaciente, apellido1, apellido2 FROM pacientes;]
[05-05-2019 09:40:06][][Alta][SELECT nombrePaciente, apellido1, apellido2 FROM pacientes;]
[05-05-2019 09:40:06][][Alta][SELECT nombrePaciente, apellido1, apellido2 FROM pacientes;]
[05-05-2019 09:40:06][][Alta][SELECT nombrePaciente, apellido1, apellido2 FROM pacientes;]
[05-05-2019 09:40:06][][Alta][SELECT nombrePaciente, apellido1, apellido2 FROM pacientes;]
[05-05-2019 09:40:06][][Alta][SELECT nombrePaciente, apellido1, apellido2 FROM pacientes;]
[05-05-2019 09:40:06][][Alta][SELECT nombrePaciente, apellido1, apellido2 FROM pacientes;]
[05-05-2019 09:40:06][][Alta][SELECT nombrePaciente, apellido1, apellido2 FROM pacientes;]
[05-05-2019 09:40:06][][Alta][SELECT nombrePaciente, apellido1, apellido2 FROM pacientes;]
[05-05-2019 09:40:06][][Alta][SELECT nombrePaciente, apellido1, apellido2 FROM pacientes;]
[05-05-2019 09:40:06][][Alta][SELECT nombrePaciente, apellido1, apellido2 FROM pacientes;]
[05-05-2019 09:40:06][][Alta][SELECT nombrePaciente, apellido1, apellido2 FROM pacientes;]
[05-05-2019 09:40:06][][Alta][SELECT nombrePaciente, apellido1, apellido2 FROM pacientes;]
[05-05-2019 09:40:06][][Alta][SELECT nombrePaciente, apellido1, apellido2 FROM pacientes;]
[05-05-2019 09:40:06][][Alta][SELECT nombrePaciente, apellido1, apellido2 FROM pacientes;]
[05-05-2019 09:40:06][][Alta][SELECT nombrePaciente, apellido1, apellido2 FROM pacientes;]
[05-05-2019 09:40:06][][Alta][SELECT nombrePaciente, apellido1, apellido2 FROM pacientes;]
[05-05-2019 09:40:06][][Alta][SELECT nombrePaciente, apellido1, apellido2 FROM pacientes;]
[05-05-2019 09:40:06][][Alta][SELECT nombrePaciente, apellido1, apellido2 FROM pacientes;]
[05-05-2019 09:40:06][][Alta][SELECT nombrePaciente, apellido1, apellido2 FROM pacientes;]
[05-05-2019 09:40:06][][Alta][SELECT nombrePaciente, apellido1, apellido2 FROM pacientes;]
[05-05-2019 09:40:07][][Alta][SELECT nombrePaciente, apellido1, apellido2 FROM pacientes;]
[05-05-2019 09:40:07][][Alta][SELECT nombrePaciente, apellido1, apellido2 FROM pacientes;]
[05-05-2019 09:40:07][][Alta][SELECT nombrePaciente, apellido1, apellido2 FROM pacientes;]
[05-05-2019 09:40:07][][Alta][SELECT nombrePaciente, apellido1, apellido2 FROM pacientes;]
[05-05-2019 09:40:07][][Alta][SELECT nombrePaciente, apellido1, apellido2 FROM pacientes;]
[05-05-2019 09:40:07][][Alta][SELECT nombrePaciente, apellido1, apellido2 FROM pacientes;]
[05-05-2019 09:40:07][][Alta][SELECT nombrePaciente, apellido1, apellido2 FROM pacientes;]
[05-05-2019 09:40:07][][Alta][SELECT nombrePaciente, apellido1, apellido2 FROM pacientes;]
[05-05-2019 09:40:07][Administrador][Login][]
[05-05-2019 09:40:26][Administrador][Alta][INSERT INTO pacientes (nombrePaciente, apellido1, apellido2) VALUES ('asdd','asdd','asdss');]
[05-05-2019 09:40:54][][Login ERROR][]
[05-05-2019 09:41:03][][Alta][SELECT nombrePaciente, apellido1, apellido2 FROM pacientes;]
[05-05-2019 09:41:03][][Alta][SELECT nombrePaciente, apellido1, apellido2 FROM pacientes;]
[05-05-2019 09:41:03][][Alta][SELECT nombrePaciente, apellido1, apellido2 FROM pacientes;]
[05-05-2019 09:41:03][][Alta][SELECT nombrePaciente, apellido1, apellido2 FROM pacientes;]
[05-05-2019 09:41:03][][Alta][SELECT nombrePaciente, apellido1, apellido2 FROM pacientes;]
[05-05-2019 09:41:03][][Alta][SELECT nombrePaciente, apellido1, apellido2 FROM pacientes;]
[05-05-2019 09:41:03][][Alta][SELECT nombrePaciente, apellido1, apellido2 FROM pacientes;]
[05-05-2019 09:41:03][][Alta][SELECT nombrePaciente, apellido1, apellido2 FROM pacientes;]
[05-05-2019 09:41:04][][Alta][SELECT nombrePaciente, apellido1, apellido2 FROM pacientes;]
[05-05-2019 09:41:04][][Alta][SELECT nombrePaciente, apellido1, apellido2 FROM pacientes;]
[05-05-2019 09:41:04][][Alta][SELECT nombrePaciente, apellido1, apellido2 FROM pacientes;]
[05-05-2019 09:41:04][][Alta][SELECT nombrePaciente, apellido1, apellido2 FROM pacientes;]
[05-05-2019 09:41:04][][Alta][SELECT nombrePaciente, apellido1, apellido2 FROM pacientes;]
[05-05-2019 09:41:04][][Alta][SELECT nombrePaciente, apellido1, apellido2 FROM pacientes;]
[05-05-2019 09:41:04][][Alta][SELECT nombrePaciente, apellido1, apellido2 FROM pacientes;]
[05-05-2019 09:41:04][][Alta][SELECT nombrePaciente, apellido1, apellido2 FROM pacientes;]
[05-05-2019 09:41:04][][Alta][SELECT nombrePaciente, apellido1, apellido2 FROM pacientes;]
[05-05-2019 09:41:04][][Alta][SELECT nombrePaciente, apellido1, apellido2 FROM pacientes;]
[05-05-2019 09:41:04][][Alta][SELECT nombrePaciente, apellido1, apellido2 FROM pacientes;]
[05-05-2019 09:41:04][][Alta][SELECT nombrePaciente, apellido1, apellido2 FROM pacientes;]
[05-05-2019 09:41:04][][Alta][SELECT nombrePaciente, apellido1, apellido2 FROM pacientes;]
[05-05-2019 09:41:04][][Alta][SELECT nombrePaciente, apellido1, apellido2 FROM pacientes;]
[05-05-2019 09:41:04][][Alta][SELECT nombrePaciente, apellido1, apellido2 FROM pacientes;]
[05-05-2019 09:41:04][][Alta][SELECT nombrePaciente, apellido1, apellido2 FROM pacientes;]
[05-05-2019 09:41:04][][Alta][SELECT nombrePaciente, apellido1, apellido2 FROM pacientes;]
[05-05-2019 09:41:04][][Alta][SELECT nombrePaciente, apellido1, apellido2 FROM pacientes;]
[05-05-2019 09:41:04][][Alta][SELECT nombrePaciente, apellido1, apellido2 FROM pacientes;]
[05-05-2019 09:41:04][][Alta][SELECT nombrePaciente, apellido1, apellido2 FROM pacientes;]
[05-05-2019 09:41:04][][Alta][SELECT nombrePaciente, apellido1, apellido2 FROM pacientes;]
[05-05-2019 09:41:04][][Alta][SELECT nombrePaciente, apellido1, apellido2 FROM pacientes;]
[05-05-2019 09:41:04][][Alta][SELECT nombrePaciente, apellido1, apellido2 FROM pacientes;]
[05-05-2019 09:41:04][][Alta][SELECT nombrePaciente, apellido1, apellido2 FROM pacientes;]
[05-05-2019 09:41:04][][Alta][SELECT nombrePaciente, apellido1, apellido2 FROM pacientes;]
[05-05-2019 09:41:04][][Alta][SELECT nombrePaciente, apellido1, apellido2 FROM pacientes;]
[05-05-2019 09:41:04][][Alta][SELECT nombrePaciente, apellido1, apellido2 FROM pacientes;]
[05-05-2019 09:41:04][][Alta][SELECT nombrePaciente, apellido1, apellido2 FROM pacientes;]
[05-05-2019 09:41:04][][Alta][SELECT nombrePaciente, apellido1, apellido2 FROM pacientes;]
[05-05-2019 09:41:04][][Alta][SELECT nombrePaciente, apellido1, apellido2 FROM pacientes;]
[05-05-2019 09:41:04][][Alta][SELECT nombrePaciente, apellido1, apellido2 FROM pacientes;]
[05-05-2019 09:41:04][][Alta][SELECT nombrePaciente, apellido1, apellido2 FROM pacientes;]
[05-05-2019 09:41:04][][Alta][SELECT nombrePaciente, apellido1, apellido2 FROM pacientes;]
[05-05-2019 09:41:04][][Alta][SELECT nombrePaciente, apellido1, apellido2 FROM pacientes;]
[05-05-2019 09:41:04][][Alta][SELECT nombrePaciente, apellido1, apellido2 FROM pacientes;]
[05-05-2019 09:41:04][][Alta][SELECT nombrePaciente, apellido1, apellido2 FROM pacientes;]
[05-05-2019 09:41:04][][Alta][SELECT nombrePaciente, apellido1, apellido2 FROM pacientes;]
[05-05-2019 09:41:04][][Alta][SELECT nombrePaciente, apellido1, apellido2 FROM pacientes;]
[05-05-2019 09:41:04][][Alta][SELECT nombrePaciente, apellido1, apellido2 FROM pacientes;]
[05-05-2019 09:41:04][][Alta][SELECT nombrePaciente, apellido1, apellido2 FROM pacientes;]
[05-05-2019 09:41:04][][Alta][SELECT nombrePaciente, apellido1, apellido2 FROM pacientes;]
[05-05-2019 09:41:04][][Alta][SELECT nombrePaciente, apellido1, apellido2 FROM pacientes;]
[05-05-2019 09:41:04][][Alta][SELECT nombrePaciente, apellido1, apellido2 FROM pacientes;]
[05-05-2019 09:41:04][Administrador][Login][]
[05-05-2019 09:47:42][][Consulta][SELECT nombrePaciente FROM pacientes;]
[05-05-2019 09:47:42][][Consulta][SELECT apellido1 FROM pacientes;]
[05-05-2019 09:47:42][][Consulta][SELECT apellido2 FROM pacientes;]
[05-05-2019 09:47:43][Administrador][Login][]
[05-05-2019 10:04:16][][Consulta][SELECT nombrePaciente FROM pacientes;]
[05-05-2019 10:04:16][][Consulta][SELECT apellido1 FROM pacientes;]
[05-05-2019 10:04:16][][Consulta][SELECT apellido2 FROM pacientes;]
[05-05-2019 10:04:16][Administrador][Login][]
[05-05-2019 10:14:59][Administrador][Login][]
[05-05-2019 10:16:00][][Login ERROR][]
[05-05-2019 10:16:06][Administrador][Login][]
[05-05-2019 10:17:55][Administrador][Login][]
[05-05-2019 10:19:13][Administrador][Login][]
[05-05-2019 10:21:35][][Consulta][SELECT * FROM pacientes;]
[05-05-2019 10:21:35][][Consulta][SELECT * FROM pacientes;]
[05-05-2019 10:21:35][][Consulta][SELECT * FROM pacientes;]
[05-05-2019 10:21:35][][Consulta][SELECT * FROM pacientes;]
[05-05-2019 10:21:35][][Consulta][SELECT * FROM pacientes;]
[05-05-2019 10:21:35][][Consulta][SELECT * FROM pacientes;]
[05-05-2019 10:21:35][][Consulta][SELECT * FROM pacientes;]
[05-05-2019 10:21:35][][Consulta][SELECT * FROM pacientes;]
[05-05-2019 10:21:35][][Consulta][SELECT * FROM pacientes;]
[05-05-2019 10:21:35][Administrador][Login][]
[05-05-2019 10:22:22][][Consulta][SELECT * FROM pacientes;]
[05-05-2019 10:22:22][][Consulta][SELECT * FROM pacientes;]
[05-05-2019 10:22:22][][Consulta][SELECT * FROM pacientes;]
[05-05-2019 10:22:22][][Consulta][SELECT * FROM pacientes;]
[05-05-2019 10:22:22][][Consulta][SELECT * FROM pacientes;]
[05-05-2019 10:22:22][][Consulta][SELECT * FROM pacientes;]
[05-05-2019 10:22:22][][Consulta][SELECT * FROM pacientes;]
[05-05-2019 10:22:22][][Consulta][SELECT * FROM pacientes;]
[05-05-2019 10:22:22][][Consulta][SELECT * FROM pacientes;]
[05-05-2019 10:22:22][Administrador][Login][]
[05-05-2019 10:23:50][][Consulta][SELECT * FROM pacientes;]
[05-05-2019 10:23:50][Administrador][Login][]
[05-05-2019 11:12:52][][Login ERROR][]
[05-05-2019 11:13:09][][Login ERROR][]
[05-05-2019 11:13:23][][Login ERROR][]
[05-05-2019 11:13:29][][Consulta][SELECT * FROM pacientes;]
[05-05-2019 11:13:29][Administrador][Login][]
[05-05-2019 11:14:32][Administrador][Alta][INSERT INTO pacientes (nombrePaciente, apellido1, apellido2) VALUES ('deborah','ortiz','reina');]
[05-05-2019 11:15:26][][Consulta][SELECT * FROM pacientes;]
[05-05-2019 11:15:26][Administrador][Login][]
[05-05-2019 15:01:05][][Consulta][SELECT * FROM pacientes;]
[05-05-2019 15:01:05][Administrador][Login][]
[05-05-2019 15:09:53][][Login ERROR][]
[05-05-2019 15:20:29][][Consulta][SELECT * FROM pacientes;]
[05-05-2019 15:20:29][Administrador][Login][]
[05-05-2019 15:22:36][][Consulta][SELECT * FROM pacientes;]
[05-05-2019 15:22:36][Administrador][Login][]
[05-05-2019 15:24:00][][Consulta][SELECT * FROM pacientes;]
[05-05-2019 15:24:11][][Consulta][SELECT * FROM pacientes;]
[05-05-2019 15:24:11][Administrador][Login][]
[05-05-2019 15:38:32][][Consulta][SELECT * FROM pacientes;]
[05-05-2019 15:54:10][Administrador][Login][]
[05-05-2019 16:16:46][][Consulta][SELECT * FROM pacientes;]
[05-05-2019 16:16:46][Administrador][Login][]
[05-05-2019 16:17:27][][Consulta][SELECT * FROM pacientes;]
[05-05-2019 16:17:27][Administrador][Login][]
[05-05-2019 16:20:31][][Consulta][SELECT * FROM pacientes;]
[05-05-2019 16:20:31][Administrador][Login][]
[05-05-2019 16:24:05][][Consulta][SELECT * FROM pacientes;]
[05-05-2019 16:24:05][Administrador][Login][]
[05-05-2019 16:26:00][][Consulta][SELECT * FROM pacientes;]
[05-05-2019 16:26:00][Administrador][Login][]
[05-05-2019 16:29:22][][Consulta][SELECT * FROM pacientes;]
[05-05-2019 16:29:22][Administrador][Login][]
[05-05-2019 20:47:31][][Consulta][SELECT * FROM pacientes;]
[05-05-2019 20:47:31][Administrador][Login][]
[05-05-2019 20:57:54][][Consulta][SELECT * FROM pacientes;]
[05-05-2019 20:57:54][Administrador][Login][]
[05-05-2019 20:59:29][][Consulta][SELECT * FROM pacientes;]
[05-05-2019 20:59:29][Administrador][Login][]
[06-05-2019 00:10:36][][Consulta][SELECT * FROM pacientes;]
[06-05-2019 00:10:36][][Consulta][SELECT * FROM pacientes;]
[06-05-2019 00:10:36][Administrador][Login][]
[06-05-2019 00:28:15][][Consulta][SELECT * FROM pacientes;]
[06-05-2019 00:28:15][][Consulta][SELECT * FROM pacientes;]
[06-05-2019 00:28:15][Administrador][Login][]
[06-05-2019 00:28:26][Administrador][Consulta][SELECT nombrePaciente, apellido1, apellido2 FROM pacientes WHERE nombrePaciente LIKE '%dres%' OR apellido1 LIKE '%dres%' OR apellido2 LIKE '%dres%']
[06-05-2019 00:30:03][][Consulta][SELECT * FROM pacientes;]
[06-05-2019 00:30:03][][Consulta][SELECT * FROM pacientes;]
[06-05-2019 00:30:04][Administrador][Login][]
[06-05-2019 00:30:06][Administrador][Consulta][SELECT nombrePaciente, apellido1, apellido2 FROM pacientes WHERE nombrePaciente LIKE '%dres%' OR apellido1 LIKE '%dres%' OR apellido2 LIKE '%dres%']
[06-05-2019 00:30:14][Administrador][Consulta][SELECT nombrePaciente, apellido1, apellido2 FROM pacientes WHERE nombrePaciente LIKE '%and%' OR apellido1 LIKE '%and%' OR apellido2 LIKE '%and%']
[06-05-2019 00:30:17][Administrador][Consulta][SELECT nombrePaciente, apellido1, apellido2 FROM pacientes WHERE nombrePaciente LIKE '%debo%' OR apellido1 LIKE '%debo%' OR apellido2 LIKE '%debo%']
[06-05-2019 00:54:31][][Consulta][SELECT * FROM pacientes;]
[06-05-2019 00:54:31][][Consulta][SELECT * FROM pacientes;]
[06-05-2019 00:54:31][Administrador][Login][]
[06-05-2019 01:03:25][][Consulta][SELECT * FROM pacientes;]
[06-05-2019 01:03:25][][Consulta][SELECT * FROM pacientes;]
[06-05-2019 01:03:25][Administrador][Login][]
[06-05-2019 01:03:31][Administrador][Consulta][SELECT * FROM pacientes;]
[06-05-2019 01:07:36][][Consulta][SELECT * FROM pacientes;]
[06-05-2019 01:07:36][][Consulta][SELECT * FROM pacientes;]
[06-05-2019 01:07:36][Administrador][Login][]
[06-05-2019 01:07:43][Administrador][Consulta][SELECT * FROM pacientes;]
[06-05-2019 01:07:45][Administrador][Consulta][SELECT * FROM pacientes;]
[06-05-2019 01:07:45][Administrador][Consulta][SELECT * FROM pacientes;]
[06-05-2019 01:10:34][][Consulta][SELECT * FROM pacientes;]
[06-05-2019 01:10:34][][Consulta][SELECT * FROM pacientes;]
[06-05-2019 01:10:34][Administrador][Login][]
[06-05-2019 01:10:42][Administrador][Consulta][SELECT * FROM pacientes;]
[06-05-2019 01:11:44][][Consulta][SELECT * FROM pacientes;]
[06-05-2019 01:11:44][][Consulta][SELECT * FROM pacientes;]
[06-05-2019 01:11:44][Administrador][Login][]
[06-05-2019 01:11:52][Administrador][Consulta][SELECT * FROM pacientes;]
[06-05-2019 01:26:15][][Consulta][SELECT * FROM pacientes;]
[06-05-2019 01:26:15][][Consulta][SELECT * FROM pacientes;]
[06-05-2019 01:26:15][Administrador][Login][]
[06-05-2019 01:27:04][][Consulta][SELECT * FROM pacientes;]
[06-05-2019 01:27:04][][Consulta][SELECT * FROM pacientes;]
[06-05-2019 01:27:04][Administrador][Login][]
[06-05-2019 01:27:59][Administrador][Consulta][SELECT nombrePaciente, apellido1, apellido2 FROM pacientes WHERE nombrePaciente LIKE '%fra%' OR apellido1 LIKE '%fra%' OR apellido2 LIKE '%fra%']
[06-05-2019 01:29:13][][Consulta][SELECT * FROM pacientes;]
[06-05-2019 01:29:13][][Consulta][SELECT * FROM pacientes;]
[06-05-2019 01:29:13][Administrador][Login][]
[06-05-2019 01:29:20][Administrador][Consulta][SELECT nombrePaciente, apellido1, apellido2 FROM pacientes WHERE nombrePaciente LIKE '%deb%' OR apellido1 LIKE '%deb%' OR apellido2 LIKE '%deb%']
